0 info it worked if it ends with ok
1 verbose cli [ 'C:\\Program Files\\nodejs\\node.exe',
1 verbose cli   'C:\\Program Files\\nodejs\\node_modules\\npm\\bin\\npm-cli.js',
1 verbose cli   'run',
1 verbose cli   'build:watch' ]
2 info using npm@4.1.2
3 info using node@v7.5.0
4 verbose run-script [ 'prebuild:watch', 'build:watch', 'postbuild:watch' ]
5 info lifecycle angular-io-example@1.0.0~prebuild:watch: angular-io-example@1.0.0
6 silly lifecycle angular-io-example@1.0.0~prebuild:watch: no script for prebuild:watch, continuing
7 info lifecycle angular-io-example@1.0.0~build:watch: angular-io-example@1.0.0
8 verbose lifecycle angular-io-example@1.0.0~build:watch: unsafe-perm in lifecycle true
9 verbose lifecycle angular-io-example@1.0.0~build:watch: PATH: C:\Program Files\nodejs\node_modules\npm\bin\node-gyp-bin;C:\Whizzco\whizzco-task\node_modules\.bin;C:\Program Files\nodejs\node_modules\npm\bin\node-gyp-bin;C:\Whizzco\whizzco-task\node_modules\.bin;C:\Program Files (x86)\Intel\iCLS Client\;C:\Program Files\Intel\iCLS Client\;C:\WINDOWS\system32;C:\WINDOWS;C:\WINDOWS\System32\Wbem;C:\WINDOWS\System32\WindowsPowerShell\v1.0\;C:\Program Files\Intel\Intel(R) Management Engine Components\DAL;C:\Program Files (x86)\Intel\Intel(R) Management Engine Components\DAL;C:\Program Files\Intel\Intel(R) Management Engine Components\IPT;C:\Program Files (x86)\Intel\Intel(R) Management Engine Components\IPT;C:\Program Files\Intel\WiFi\bin\;C:\Program Files\Common Files\Intel\WirelessCommon\;c:\Program Files (x86)\ATI Technologies\ATI.ACE\Core-Static;C:\Program Files (x86)\Windows Kits\8.1\Windows Performance Toolkit\;C:\Program Files\Microsoft SQL Server\110\Tools\Binn\;C:\Program Files\Microsoft SQL Server\120\Tools\Binn\;C:\Program Files (x86)\Microsoft SQL Server\110\Tools\Binn\;C:\Program Files\Microsoft SQL Server\110\DTS\Binn\;C:\Program Files (x86)\Microsoft SQL Server\110\Tools\Binn\ManagementStudio\;C:\Program Files (x86)\Microsoft SQL Server\110\DTS\Binn\;C:\WINDOWS\system32\config\systemprofile\.dnx\bin;C:\Program Files\Microsoft DNX\Dnvm\;C:\Program Files\Microsoft SQL Server\130\Tools\Binn\;C:\Program Files\nodejs\;C:\ProgramData\chocolatey\bin;C:\Program Files\Java\jdk1.8.0_131\bin;C:\Android\android-sdk\tools;C:\Android\android-sdk\platform-tools;C:\Program Files\Git\cmd;C:\Program Files\dotnet\;C:\Program Files (x86)\Skype\Phone\;C:\Program Files\MySQL\MySQL Utilities 1.6\;C:\Ruby23-x64\bin;C:\Users\Gil\AppData\Local\Microsoft\WindowsApps;C:\Users\Gil\AppData\Roaming\npm
10 verbose lifecycle angular-io-example@1.0.0~build:watch: CWD: C:\Whizzco\whizzco-task
11 silly lifecycle angular-io-example@1.0.0~build:watch: Args: [ '/d /s /c', 'tsc -p src/ -w' ]
12 silly lifecycle angular-io-example@1.0.0~build:watch: Returned: code: 3221225786  signal: null
13 info lifecycle angular-io-example@1.0.0~build:watch: Failed to exec build:watch script
14 verbose stack Error: angular-io-example@1.0.0 build:watch: `tsc -p src/ -w`
14 verbose stack Exit status 3221225786
14 verbose stack     at EventEmitter.<anonymous> (C:\Program Files\nodejs\node_modules\npm\lib\utils\lifecycle.js:279:16)
14 verbose stack     at emitTwo (events.js:106:13)
14 verbose stack     at EventEmitter.emit (events.js:192:7)
14 verbose stack     at ChildProcess.<anonymous> (C:\Program Files\nodejs\node_modules\npm\lib\utils\spawn.js:40:14)
14 verbose stack     at emitTwo (events.js:106:13)
14 verbose stack     at ChildProcess.emit (events.js:192:7)
14 verbose stack     at maybeClose (internal/child_process.js:890:16)
14 verbose stack     at Process.ChildProcess._handle.onexit (internal/child_process.js:226:5)
15 verbose pkgid angular-io-example@1.0.0
16 verbose cwd C:\Whizzco\whizzco-task
17 error Windows_NT 10.0.14393
18 error argv "C:\\Program Files\\nodejs\\node.exe" "C:\\Program Files\\nodejs\\node_modules\\npm\\bin\\npm-cli.js" "run" "build:watch"
19 error node v7.5.0
20 error npm  v4.1.2
21 error code ELIFECYCLE
22 error angular-io-example@1.0.0 build:watch: `tsc -p src/ -w`
22 error Exit status 3221225786
23 error Failed at the angular-io-example@1.0.0 build:watch script 'tsc -p src/ -w'.
23 error Make sure you have the latest version of node.js and npm installed.
23 error If you do, this is most likely a problem with the angular-io-example package,
23 error not with npm itself.
23 error Tell the author that this fails on your system:
23 error     tsc -p src/ -w
23 error You can get information on how to open an issue for this project with:
23 error     npm bugs angular-io-example
23 error Or if that isn't available, you can get their info via:
23 error     npm owner ls angular-io-example
23 error There is likely additional logging output above.
24 verbose exit [ 1, true ]
